TN:
SF:cart-discounts.js
FN:1,applyCartDiscounts
FNF:1
FNH:1
FNDA:4,applyCartDiscounts
DA:1,4
DA:2,4
DA:3,4
DA:4,4
DA:5,4
DA:6,4
DA:7,4
DA:8,4
DA:9,4
DA:10,4
DA:11,4
DA:12,4
DA:13,4
DA:14,4
DA:15,4
DA:16,4
DA:17,4
DA:18,4
DA:19,4
DA:20,4
DA:21,4
DA:22,4
DA:23,4
DA:24,4
DA:25,4
DA:26,4
DA:27,4
DA:28,4
DA:29,4
DA:30,4
DA:31,4
DA:32,4
DA:33,4
DA:34,4
DA:35,4
DA:36,4
DA:37,4
DA:38,5
DA:39,5
DA:40,5
DA:41,5
DA:42,2
DA:43,2
DA:44,5
DA:45,5
DA:46,5
DA:47,2
DA:48,2
DA:49,5
DA:50,5
DA:51,5
DA:52,1
DA:53,1
DA:54,5
DA:55,5
DA:56,5
DA:57,4
DA:58,4
DA:59,4
DA:60,4
DA:61,1
DA:62,1
DA:63,4
DA:64,4
DA:65,4
DA:66,1
DA:67,1
LF:67
LH:67
BRDA:1,0,0,4
BRDA:37,1,0,5
BRDA:41,2,0,2
BRDA:46,3,0,2
BRDA:51,4,0,1
BRDA:51,5,0,1
BRDA:51,6,0,1
BRDA:60,7,0,1
BRF:8
BRH:8
end_of_record
TN:
SF:employee-pay.js
FN:1,calculateEmployeePay
FN:26,computePAYE
FNF:2
FNH:2
FNDA:5,calculateEmployeePay
FNDA:5,computePAYE
DA:1,5
DA:2,5
DA:3,5
DA:4,5
DA:5,5
DA:6,5
DA:7,5
DA:8,5
DA:9,5
DA:10,5
DA:11,5
DA:12,5
DA:13,5
DA:14,5
DA:15,5
DA:16,1
DA:17,1
DA:18,1
DA:19,5
DA:20,5
DA:21,5
DA:22,5
DA:23,5
DA:24,1
DA:25,1
DA:26,5
DA:27,5
DA:28,5
DA:29,5
DA:30,5
DA:31,5
DA:32,5
DA:33,5
DA:34,5
DA:35,5
DA:36,5
DA:37,5
DA:38,13
DA:39,11
DA:40,11
DA:41,11
DA:42,11
DA:43,13
DA:44,2
DA:45,2
DA:46,13
DA:47,5
DA:48,5
DA:49,1
DA:50,1
DA:51,1
DA:52,1
DA:53,1
DA:54,1
LF:54
LH:54
BRDA:1,0,0,5
BRDA:3,1,0,3
BRDA:15,2,0,1
BRDA:26,3,0,5
BRDA:37,4,0,13
BRDA:38,5,0,11
BRDA:43,6,0,2
BRF:7
BRH:7
end_of_record
TN:
SF:posts.js
FN:3,getPosts
FNF:1
FNH:1
FNDA:4,getPosts
DA:1,1
DA:2,1
DA:3,4
DA:4,4
DA:5,4
DA:6,4
DA:7,4
DA:8,0
DA:9,0
DA:10,4
DA:11,4
DA:12,4
DA:13,4
DA:14,4
DA:15,4
DA:16,0
DA:17,0
DA:18,4
DA:19,1
DA:20,1
DA:21,1
LF:21
LH:17
BRDA:3,0,0,4
BRDA:7,1,0,0
BRDA:15,2,0,0
BRF:3
BRH:1
end_of_record
TN:
SF:total.js
FN:1,calculateTotal
FNF:1
FNH:1
FNDA:5,calculateTotal
DA:1,5
DA:2,5
DA:3,5
DA:4,5
DA:5,5
DA:6,5
DA:7,5
DA:8,5
DA:9,5
DA:10,5
DA:11,5
DA:12,5
DA:13,5
DA:14,5
DA:15,5
DA:16,5
DA:17,5
DA:18,5
DA:19,2
DA:20,2
DA:21,5
DA:22,6
DA:23,6
DA:24,5
DA:25,2
DA:26,2
DA:27,2
DA:28,3
DA:29,3
DA:30,3
DA:31,3
DA:32,3
DA:33,3
DA:34,3
DA:35,3
DA:36,3
DA:37,3
DA:38,3
DA:39,1
DA:40,1
DA:41,1
LF:41
LH:41
BRDA:1,0,0,5
BRDA:18,1,0,4
BRDA:18,2,0,2
BRDA:20,3,0,3
BRDA:21,4,0,6
BRDA:23,5,0,3
BRDA:24,6,0,2
BRDA:27,7,0,3
BRF:8
BRH:8
end_of_record
